#
# There is insufficient memory for the Java Runtime Environment to continue.
# Native memory allocation (mmap) failed to map 67108864 bytes for G1 virtual space
# Possible reasons:
#   The system is out of physical RAM or swap space
#   The process is running with CompressedOops enabled, and the Java Heap may be blocking the growth of the native heap
# Possible solutions:
#   Reduce memory load on the system
#   Increase physical memory or swap space
#   Check if swap backing store is full
#   Decrease Java heap size (-Xmx/-Xms)
#   Decrease number of Java threads
#   Decrease Java thread stack sizes (-Xss)
#   Set larger code cache with -XX:ReservedCodeCacheSize=
#   JVM is running with Unscaled Compressed Oops mode in which the Java heap is
#     placed in the first 4GB address space. The Java Heap base address is the
#     maximum limit for the native heap growth. Please use -XX:HeapBaseMinAddress
#     to set the Java Heap base and to place the Java Heap above 4GB virtual address.
# This output file may be truncated or incomplete.
#
#  Out of Memory Error (os_windows.cpp:3548), pid=17228, tid=4980
#
# JRE version:  (17.0.12+8) (build )
# Java VM: Java HotSpot(TM) 64-Bit Server VM (17.0.12+8-LTS-286, mixed mode, sharing, tiered, compressed oops, compressed class ptrs, g1 gc, windows-amd64)
# No core dump will be written. Minidumps are not enabled by default on client versions of Windows
#

---------------  S U M M A R Y ------------

Command Line: -Xmx64m -Xms64m -Dorg.gradle.appname=gradlew org.gradle.wrapper.GradleWrapperMain app:installDebug -PreactNativeDevServerPort=8081

Host: AMD Ryzen 5 5500U with Radeon Graphics         , 12 cores, 7G,  Windows 11 , 64 bit Build 26100 (10.0.26100.2161)
Time: Tue Nov 26 01:21:02 2024 SE Asia Standard Time elapsed time: 2.102798 seconds (0d 0h 0m 2s)

---------------  T H R E A D  ---------------

Current thread (0x00000267685739c0):  JavaThread "Unknown thread" [_thread_in_vm, id=4980, stack(0x000000a564100000,0x000000a564200000)]

Stack: [0x000000a564100000,0x000000a564200000]
Native frames: (J=compiled Java code, j=interpreted, Vv=VM code, C=native code)
V  [jvm.dll+0x67a04a]
V  [jvm.dll+0x7da4ed]
V  [jvm.dll+0x7dbe33]
V  [jvm.dll+0x7dc4a3]
V  [jvm.dll+0x24508f]
V  [jvm.dll+0x677089]
V  [jvm.dll+0x66bd32]
V  [jvm.dll+0x301fa6]
V  [jvm.dll+0x309546]
V  [jvm.dll+0x359d2e]
V  [jvm.dll+0x359f5f]
V  [jvm.dll+0x2d9078]
V  [jvm.dll+0x2d9fe4]
V  [jvm.dll+0x7aca21]
V  [jvm.dll+0x367591]
V  [jvm.dll+0x78b999]
V  [jvm.dll+0x3ec83f]
V  [jvm.dll+0x3ee471]
C  [jli.dll+0x5297]
C  [ucrtbase.dll+0x14ea0]
C  [KERNEL32.DLL+0x2dbe7]
C  [ntdll.dll+0xdfbec]


---------------  P R O C E S S  ---------------

Threads class SMR info:
_java_thread_list=0x00007ffa3a097a18, length=0, elements={
}

Java Threads: ( => current thread )

Other Threads:
  0x00000267685948f0 GCTaskThread "GC Thread#0" [stack: 0x000000a564200000,0x000000a564300000] [id=18644]
  0x00000267685974b0 ConcurrentGCThread "G1 Main Marker" [stack: 0x000000a564300000,0x000000a564400000] [id=16400]
  0x0000026768597ec0 ConcurrentGCThread "G1 Conc#0" [stack: 0x000000a564400000,0x000000a564500000] [id=2292]

[error occurred during error reporting (printing all threads), id 0xc0000005, EXCEPTION_ACCESS_VIOLATION (0xc0000005) at pc=0x00007ffa398c9b67]

VM state: not at safepoint (not fully initialized)

VM Mutex/Monitor currently owned by a thread:  ([mutex/lock_event])
[0x0000026768570750] Heap_lock - owner thread: 0x00000267685739c0

Heap address: 0x00000000fc000000, size: 64 MB, Compressed Oops mode: 32-bit

CDS archive(s) mapped at: [0x0000000000000000-0x0000000000000000-0x0000000000000000), size 0, SharedBaseAddress: 0x0000000800000000, ArchiveRelocationMode: 1.
Narrow klass base: 0x0000000000000000, Narrow klass shift: 0, Narrow klass range: 0x0

GC Precious Log:
<Empty>

Heap:
 garbage-first heap   total 0K, used 0K [0x00000000fc000000, 0x0000000100000000)
  region size 1024K, 0 young (0K), 0 survivors (0K)

[error occurred during error reporting (printing heap information), id 0xc0000005, EXCEPTION_ACCESS_VIOLATION (0xc0000005) at pc=0x00007ffa39cb3859]

GC Heap History (0 events):
No events

Deoptimization events (0 events):
No events

Classes unloaded (0 events):
No events

Classes redefined (0 events):
No events

Internal exceptions (0 events):
No events

VM Operations (0 events):
No events

Events (1 events):
Event: 0.048 Loaded shared library T:\Program Files\Java\jdk-17\bin\java.dll


Dynamic libraries:
0x00007ff61bc10000 - 0x00007ff61bc20000 	T:\Program Files\Java\jdk-17\bin\java.exe
0x00007ffab5ae0000 - 0x00007ffab5d43000 	C:\WINDOWS\SYSTEM32\ntdll.dll
0x00007ffab45b0000 - 0x00007ffab4678000 	C:\WINDOWS\System32\KERNEL32.DLL
0x00007ffab2ed0000 - 0x00007ffab3281000 	C:\WINDOWS\System32\KERNELBASE.dll
0x00007ffab3650000 - 0x00007ffab379b000 	C:\WINDOWS\System32\ucrtbase.dll
0x00007ffa9d4b0000 - 0x00007ffa9d4cb000 	T:\Program Files\Java\jdk-17\bin\VCRUNTIME140.dll
0x00007ffa7cbe0000 - 0x00007ffa7cbf9000 	T:\Program Files\Java\jdk-17\bin\jli.dll
0x00007ffab3f90000 - 0x00007ffab4044000 	C:\WINDOWS\System32\ADVAPI32.dll
0x00007ffab5630000 - 0x00007ffab56d9000 	C:\WINDOWS\System32\msvcrt.dll
0x00007ffab50a0000 - 0x00007ffab5146000 	C:\WINDOWS\System32\sechost.dll
0x00007ffab58c0000 - 0x00007ffab59d6000 	C:\WINDOWS\System32\RPCRT4.dll
0x00007ffab5260000 - 0x00007ffab5428000 	C:\WINDOWS\System32\USER32.dll
0x00007ffab3410000 - 0x00007ffab3437000 	C:\WINDOWS\System32\win32u.dll
0x00007ffa8fa00000 - 0x00007ffa8fc90000 	C:\WINDOWS\WinSxS\amd64_microsoft.windows.common-controls_6595b64144ccf1df_6.0.26100.2161_none_3e0cadb0e33078e1\COMCTL32.dll
0x00007ffab59e0000 - 0x00007ffab5a0a000 	C:\WINDOWS\System32\GDI32.dll
0x00007ffab37a0000 - 0x00007ffab38c5000 	C:\WINDOWS\System32\gdi32full.dll
0x00007ffab34e0000 - 0x00007ffab3583000 	C:\WINDOWS\System32\msvcp_win.dll
0x00007ffaa98f0000 - 0x00007ffaa98fb000 	C:\WINDOWS\SYSTEM32\VERSION.dll
0x00007ffab4050000 - 0x00007ffab407f000 	C:\WINDOWS\System32\IMM32.DLL
0x00007ffa9d4a0000 - 0x00007ffa9d4ac000 	T:\Program Files\Java\jdk-17\bin\vcruntime140_1.dll
0x00007ffa75d30000 - 0x00007ffa75dbe000 	T:\Program Files\Java\jdk-17\bin\msvcp140.dll
0x00007ffa395e0000 - 0x00007ffa3a1c0000 	T:\Program Files\Java\jdk-17\bin\server\jvm.dll
0x00007ffab4f70000 - 0x00007ffab4f78000 	C:\WINDOWS\System32\PSAPI.DLL
0x00007ffab0810000 - 0x00007ffab0846000 	C:\WINDOWS\SYSTEM32\WINMM.dll
0x00007ffa8f920000 - 0x00007ffa8f92a000 	C:\WINDOWS\SYSTEM32\WSOCK32.dll
0x00007ffab5a10000 - 0x00007ffab5a84000 	C:\WINDOWS\System32\WS2_32.dll
0x00007ffab1d20000 - 0x00007ffab1d3a000 	C:\WINDOWS\SYSTEM32\kernel.appcore.dll
0x00007ffa88770000 - 0x00007ffa8877a000 	T:\Program Files\Java\jdk-17\bin\jimage.dll
0x00007ffab0520000 - 0x00007ffab0761000 	C:\WINDOWS\SYSTEM32\DBGHELP.DLL
0x00007ffab3a40000 - 0x00007ffab3dbd000 	C:\WINDOWS\System32\combase.dll
0x00007ffab3960000 - 0x00007ffab3a36000 	C:\WINDOWS\System32\OLEAUT32.dll
0x00007ffab07b0000 - 0x00007ffab07e9000 	C:\WINDOWS\SYSTEM32\dbgcore.DLL
0x00007ffab3440000 - 0x00007ffab34d9000 	C:\WINDOWS\System32\bcryptPrimitives.dll
0x00007ffa73ba0000 - 0x00007ffa73bc5000 	T:\Program Files\Java\jdk-17\bin\java.dll

dbghelp: loaded successfully - version: 4.0.5 - missing functions: none
symbol engine: initialized successfully - sym options: 0x614 - pdb path: .;T:\Program Files\Java\jdk-17\bin;C:\WINDOWS\SYSTEM32;C:\WINDOWS\WinSxS\amd64_microsoft.windows.common-controls_6595b64144ccf1df_6.0.26100.2161_none_3e0cadb0e33078e1;T:\Program Files\Java\jdk-17\bin\server

VM Arguments:
jvm_args: -Xmx64m -Xms64m -Dorg.gradle.appname=gradlew 
java_command: org.gradle.wrapper.GradleWrapperMain app:installDebug -PreactNativeDevServerPort=8081
java_class_path (initial): T:\University\POSE\Pet-Care\android\\gradle\wrapper\gradle-wrapper.jar
Launcher Type: SUN_STANDARD

[Global flags]
     intx CICompilerCount                          = 4                                         {product} {ergonomic}
     uint ConcGCThreads                            = 3                                         {product} {ergonomic}
     uint G1ConcRefinementThreads                  = 10                                        {product} {ergonomic}
   size_t G1HeapRegionSize                         = 1048576                                   {product} {ergonomic}
    uintx GCDrainStackTargetSize                   = 64                                        {product} {ergonomic}
   size_t InitialHeapSize                          = 67108864                                  {product} {command line}
   size_t MarkStackSize                            = 4194304                                   {product} {ergonomic}
   size_t MaxHeapSize                              = 67108864                                  {product} {command line}
   size_t MinHeapDeltaBytes                        = 1048576                                   {product} {ergonomic}
   size_t MinHeapSize                              = 67108864                                  {product} {command line}
    uintx NonNMethodCodeHeapSize                   = 5839372                                {pd product} {ergonomic}
    uintx NonProfiledCodeHeapSize                  = 122909434                              {pd product} {ergonomic}
    uintx ProfiledCodeHeapSize                     = 122909434                              {pd product} {ergonomic}
    uintx ReservedCodeCacheSize                    = 251658240                              {pd product} {ergonomic}
     bool SegmentedCodeCache                       = true                                      {product} {ergonomic}
   size_t SoftMaxHeapSize                          = 67108864                               {manageable} {ergonomic}
     bool UseCompressedClassPointers               = true                           {product lp64_product} {ergonomic}
     bool UseCompressedOops                        = true                           {product lp64_product} {ergonomic}
     bool UseG1GC                                  = true                                      {product} {ergonomic}
     bool UseLargePagesIndividualAllocation        = false                                  {pd product} {ergonomic}

Logging:
Log output configuration:
 #0: stdout all=warning uptime,level,tags
 #1: stderr all=off uptime,level,tags

Environment Variables:
JAVA_HOME=T:\Program Files\Java\jdk-17
CLASSPATH=T:\University\POSE\Pet-Care\android\\gradle\wrapper\gradle-wrapper.jar
PATH=T:\University\POSE\Pet-Care\node_modules\.bin;T:\University\POSE\Pet-Care\node_modules\.bin;T:\University\POSE\node_modules\.bin;T:\University\node_modules\.bin;T:\node_modules\.bin;T:\Program Files\nodejs\node_modules\npm\node_modules\@npmcli\run-script\lib\node-gyp-bin;T:\University\POSE\Pet-Care\node_modules\.bin;T:\University\POSE\Pet-Care\node_modules\.bin;T:\University\POSE\node_modules\.bin;T:\University\node_modules\.bin;T:\node_modules\.bin;T:\Program Files\nodejs\node_modules\npm\node_modules\@npmcli\run-script\lib\node-gyp-bin;C:\Program Files\Microsoft\jdk-17.0.12.7-hotspot\bin;C:\Python312\Scripts\;C:\Python312\;T:\Program Files\Python313\Scripts\;T:\Program Files\Python313\;C:\Program Files\Common Files\Oracle\Java\javapath;C:\WINDOWS\system32;C:\WINDOWS;C:\WINDOWS\System32\Wbem;C:\WINDOWS\System32\WindowsPowerShell\v1.0\;C:\WINDOWS\System32\OpenSSH\;T:\Program Files\nodejs\;C:\ProgramData\chocolatey\bin;C:\Program Files\Docker\Docker\resources\bin;T:\Program Files\Go\bin;T:\Program Files\Git\cmd;C:\Windows\SysWOW64\wbem;C:\Users\tamto\AppData\Local\Android\Sdk\platform-tools;C:\Users\tamto\AppData\Local\Android\Sdk\cmdline-tools\latest\bin;T:\Program Files\Java\jdk-17\bin;C:\Users\tamto\AppData\Local\Android\platform-tools;C:\Users\tamto\AppData\Local\Android\tools;C:\Users\tamto\AppData\Local\Microsoft\WindowsApps;C:\Users\tamto\AppData\Local\Programs\Microsoft VS Code\bin;C:\Users\tamto\AppData\Roaming\npm;C:\Users\tamto\go\bin;C:\Users\tamto\AppData\Local\Android\Sdk\platform-tools;C:\Users\tamto\AppData\Local\Android\Sdk\cmdline-tools\latest\bin;T:\Program Files\Java\jdk-17\bin;
USERNAME=tamto
LANG=en_US.UTF-8
OS=Windows_NT
PROCESSOR_IDENTIFIER=AMD64 Family 23 Model 104 Stepping 1, AuthenticAMD



---------------  S Y S T E M  ---------------

OS:
 Windows 11 , 64 bit Build 26100 (10.0.26100.2161)
OS uptime: 0 days 1:12 hours
Hyper-V role detected

CPU: total 12 (initial active 12) (12 cores per cpu, 2 threads per core) family 23 model 104 stepping 1 microcode 0x8608107, cx8, cmov, fxsr, ht, mmx, 3dnowpref, sse, sse2, sse3, ssse3, sse4a, sse4.1, sse4.2, popcnt, lzcnt, tsc, tscinvbit, avx, avx2, aes, clmul, bmi1, bmi2, adx, sha, fma, vzeroupper, clflush, clflushopt, hv

Memory: 4k page, system-wide physical 7528M (465M free)
TotalPageFile size 21197M (AvailPageFile size 0M)
current process WorkingSet (physical memory assigned to process): 11M, peak: 11M
current process commit charge ("private bytes"): 63M, peak: 127M

vm_info: Java HotSpot(TM) 64-Bit Server VM (17.0.12+8-LTS-286) for windows-amd64 JRE (17.0.12+8-LTS-286), built on Jun  5 2024 06:46:59 by "mach5one" with MS VC++ 17.6 (VS2022)

END.
